[18:09:31] [main/INFO] (FabricLoader) Loading for game Minecraft 1.16.5
[18:09:34] [main/INFO] (Fabric|Loader) [FabricLoader] Loading 49 mods:
	- fabric@0.37.1+1.16
	- fabric-api-base@0.3.0+c88702897d
	- fabric-api-lookup-api-v1@1.2.0+6aebe11a7d
	- fabric-biome-api-v1@3.1.10+3661eaa17d
	- fabric-blockrenderlayer-v1@1.1.5+ca58154a7d
	- fabric-command-api-v1@1.1.2+95b14da07d
	- fabric-commands-v0@0.2.2+ca58154a7d
	- fabric-containers-v0@0.1.11+9354966b7d
	- fabric-content-registries-v0@0.2.1+ca58154a7d
	- fabric-crash-report-info-v1@0.1.3+ca58154a7d
	- fabric-dimensions-v1@2.0.6+61336ba97d
	- fabric-entity-events-v1@1.1.0+c88702897d
	- fabric-events-interaction-v0@0.4.3+f941baf07d
	- fabric-events-lifecycle-v0@0.2.1+ca58154a7d
	- fabric-game-rule-api-v1@1.0.6+ca58154a7d
	- fabric-item-api-v1@1.2.1+ca58154a7d
	- fabric-item-groups-v0@0.2.7+2868a2287d
	- fabric-key-binding-api-v1@1.0.4+9354966b7d
	- fabric-keybindings-v0@0.2.1+ca58154a7d
	- fabric-lifecycle-events-v1@1.2.1+ca58154a7d
	- fabric-loot-tables-v1@1.0.2+ca58154a7d
	- fabric-mining-levels-v0@0.1.3+ca58154a7d
	- fabric-models-v0@0.3.0+bc7a746f7d
	- fabric-networking-api-v1@1.0.3+e3c9d0627d
	- fabric-networking-blockentity-v0@0.2.8+ca58154a7d
	- fabric-networking-v0@0.3.2+ca58154a7d
	- fabric-object-builder-api-v1@1.9.5+c88702897d
	- fabric-object-builders-v0@0.7.2+ca58154a7d
	- fabric-particles-v1@0.2.4+ca58154a7d
	- fabric-registry-sync-v0@0.7.4+ca58154a7d
	- fabric-renderer-api-v1@0.4.4+f3e8589e7d
	- fabric-renderer-indigo@0.4.4+ca58154a7d
	- fabric-renderer-registries-v1@2.3.0+2868a2287d
	- fabric-rendering-data-attachment-v1@0.1.5+ca58154a7d
	- fabric-rendering-fluids-v1@0.1.13+ca58154a7d
	- fabric-rendering-v0@1.1.2+ca58154a7d
	- fabric-rendering-v1@1.6.0+2868a2287d
	- fabric-resource-loader-v0@0.4.7+6afaa13c7d
	- fabric-screen-api-v1@1.0.0+c045166c7d
	- fabric-screen-handler-api-v1@1.1.5+9354966b7d
	- fabric-structure-api-v1@1.1.11+ca0ef93d7d
	- fabric-tag-extensions-v0@1.1.1+ca58154a7d
	- fabric-textures-v0@1.0.6+ca58154a7d
	- fabric-tool-attribute-api-v1@1.2.7+8183d3957d
	- fabric-transfer-api-v1@1.0.0+5f6b94517d
	- fabricloader@0.11.6
	- java@8
	- minecraft@1.16.5
	- rra81206@1.0.0
[18:09:34] [main/INFO] (mixin) SpongePowered MIXIN Subsystem Version=0.8.2 Source=file:/C:/Users/Rexx/.gradle/caches/modules-2/files-2.1/net.fabricmc/sponge-mixin/0.9.4+mixin.0.8.2/ef410951e94c7f4939cc74c86f8df371827818a4/sponge-mixin-0.9.4+mixin.0.8.2.jar Service=Knot/Fabric Env=CLIENT
[18:09:34] [main/INFO] (Fabric|MixinBootstrap) Loaded Fabric development mappings for mixin remapper!
[18:09:37] [main/WARN] (mixin) @Mixin target net/minecraft/client/render/block/BlockModelRenderer$AmbientOcclusionCalculator is public in fabric-renderer-indigo.mixins.json:MixinAmbientOcclusionCalculator and should be specified in value
[18:09:37] [main/WARN] (mixin) @Mixin target net/minecraft/client/render/chunk/ChunkBuilder$BuiltChunk$RebuildTask is public in fabric-renderer-indigo.mixins.json:MixinChunkRebuildTask and should be specified in value
[18:09:37] [main/WARN] (mixin) @Mixin target net/minecraft/village/TradeOffers$TypeAwareBuyForOneEmeraldFactory is public in fabric-object-builder-v1.mixins.json:TypeAwareTradeMixin and should be specified in value
[18:09:37] [main/WARN] (mixin) @Mixin target net/minecraft/client/font/FontManager$1 is public in fabric-resource-loader-v0.mixins.json:client.FontManagerResourceReloadListenerMixin and should be specified in value
[18:09:37] [main/WARN] (mixin) @Mixin target net/minecraft/server/command/GameRuleCommand$1 is public in fabric-game-rule-api-v1.mixins.json:GameRuleCommandVisitorMixin and should be specified in value
[18:09:37] [main/WARN] (mixin) @Mixin target net/minecraft/client/gui/screen/world/EditGameRulesScreen$RuleListWidget$1 is public in fabric-game-rule-api-v1.mixins.json:client.RuleListWidgetVisitorMixin and should be specified in value
[18:09:37] [main/WARN] (mixin) @Mixin target net/minecraft/server/world/ThreadedAnvilChunkStorage$EntityTracker is public in fabric-networking-api-v1.mixins.json:accessor.EntityTrackerAccessor and should be specified in value
[18:09:37] [main/WARN] (mixin) @Mixin target net/minecraft/client/particle/ParticleManager$SimpleSpriteProvider is public in fabric-particles-v1.mixins.json:ParticleManagerAccessor$SimpleSpriteProviderAccessor and should be specified in value
[18:09:37] [main/WARN] (mixin) @Mixin target net/minecraft/tag/Tag$1 is public in fabric-tag-extensions-v0.mixins.json:MixinTagImpl and should be specified in value
[18:09:37] [main/WARN] (mixin) @Mixin target net/minecraft/tag/RequiredTagList$TagWrapper is public in fabric-tag-extensions-v0.mixins.json:MixinTagImpl and should be specified in value
[18:09:37] [main/WARN] (mixin) @Mixin target net/minecraft/client/render/model/WeightedBakedModel$Entry is public in fabric-renderer-api-v1.mixins.json:client.WeightedBakedModelEntryAccessor and should be specified in value
[18:09:45] [main/INFO] (Minecraft) Environment: authHost='https://authserver.mojang.com', accountsHost='https://api.mojang.com', sessionHost='https://sessionserver.mojang.com', servicesHost='https://api.minecraftservices.com', name='PROD'
[18:09:49] [main/ERROR] (Minecraft) Failed to verify authentication
com.mojang.authlib.exceptions.AuthenticationUnavailableException: null
	at com.mojang.authlib.yggdrasil.YggdrasilSocialInteractionsService.checkPrivileges(YggdrasilSocialInteractionsService.java:97) ~[authlib-2.1.28.jar:?]
	at com.mojang.authlib.yggdrasil.YggdrasilSocialInteractionsService.<init>(YggdrasilSocialInteractionsService.java:40) ~[authlib-2.1.28.jar:?]
	at com.mojang.authlib.yggdrasil.YggdrasilAuthenticationService.createSocialInteractionsService(YggdrasilAuthenticationService.java:152) ~[authlib-2.1.28.jar:?]
	at net.minecraft.client.MinecraftClient.method_31382(MinecraftClient.java:624) [minecraft-1.16.5-mapped-net.fabricmc.yarn-1.16.5+build.10-v2.jar:?]
	at net.minecraft.client.MinecraftClient.<init>(MinecraftClient.java:459) [minecraft-1.16.5-mapped-net.fabricmc.yarn-1.16.5+build.10-v2.jar:?]
	at net.minecraft.client.main.Main.main(Main.java:149) [minecraft-1.16.5-mapped-net.fabricmc.yarn-1.16.5+build.10-v2.jar:?]
	at sun.reflect.NativeMethodAccessorImpl.invoke0(Native Method) ~[?:1.8.0_301]
	at sun.reflect.NativeMethodAccessorImpl.invoke(NativeMethodAccessorImpl.java:62) ~[?:1.8.0_301]
	at sun.reflect.DelegatingMethodAccessorImpl.invoke(DelegatingMethodAccessorImpl.java:43) ~[?:1.8.0_301]
	at java.lang.reflect.Method.invoke(Method.java:498) ~[?:1.8.0_301]
	at net.fabricmc.loader.game.MinecraftGameProvider.launch(MinecraftGameProvider.java:234) [fabric-loader-0.11.6.jar:?]
	at net.fabricmc.loader.launch.knot.Knot.launch(Knot.java:153) [fabric-loader-0.11.6.jar:?]
	at net.fabricmc.loader.launch.knot.KnotClient.main(KnotClient.java:28) [fabric-loader-0.11.6.jar:?]
	at net.fabricmc.devlaunchinjector.Main.main(Main.java:86) [dev-launch-injector-0.2.1+build.8.jar:?]
[18:09:49] [main/INFO] (Minecraft) Setting user: Player518
[18:09:50] [main/INFO] (Indigo) [Indigo] Registering Indigo renderer!
[18:09:51] [main/INFO] (Minecraft) Backend library: LWJGL version 3.2.2 build 10
[18:09:56] [main/INFO] (Minecraft) Narrator library for x64 successfully loaded
[18:09:57] [main/INFO] (Minecraft) Reloading ResourceManager: Default, Fabric Mods (Fabric Renderer API (v1), Fabric Key Bindings (v0), Fabric Loader, Fabric Structure API (v1), Fabric Containers (v0), Fabric Object Builder API (v1), Fabric Dimensions API (v1), Fabric Game Rule API (v1), Fabric API Base, Fabric Rendering Data Attachment (v1), Fabric Textures (v0), Fabric Rendering Fluids (v1), Fabric BlockRenderLayer Registration (v1), Fabric Lifecycle Events (v1), Fabric Renderer Registries (v1), Fabric Loot Tables (v1), Fabric API, Fabric Particles (v1), Fabric Networking (v0), Fabric API Lookup API (v1), Fabric Networking Block Entity (v0), Fabric Screen Handler API (v1), Fabric Command API (v1), Fabric Screen API (v1), Fabric Tool Attribute API (v1), Fabric Renderer - Indigo, Fabric Events Interaction (v0), Fabric Item API (v1), Fabric Crash Report Info (v1), Fabric Entity Events (v1), Fabric Rendering (v0), Fabric Rendering (v1), Fabric Key Binding API (v1), Rexx Random Additions, Fabric Resource Loader (v0), Fabric Content Registries (v0), Fabric Tag Extensions (v0), Fabric Biome API (v1), Fabric Registry Sync (v0), Fabric Commands (v0), Fabric Mining Levels (v0), Fabric Networking API (v1), Fabric Events Lifecycle (v0), Fabric Item Groups (v0), Fabric Models (v0), Fabric Object Builders (v0))
[18:09:57] [Realms Notification Availability checker #1/INFO] (Minecraft) Could not authorize you against Realms server: Invalid session id
[18:10:14] [main/INFO] (Minecraft) OpenAL initialized.
[18:10:14] [main/INFO] (Minecraft) Sound engine started
[18:10:14] [main/INFO] (Minecraft) Created: 1024x1024x4 minecraft:textures/atlas/blocks.png-atlas
[18:10:14] [main/INFO] (Minecraft) Created: 256x128x4 minecraft:textures/atlas/signs.png-atlas
[18:10:14] [main/INFO] (Minecraft) Created: 1024x512x4 minecraft:textures/atlas/banner_patterns.png-atlas
[18:10:14] [main/INFO] (Minecraft) Created: 1024x512x4 minecraft:textures/atlas/shield_patterns.png-atlas
[18:10:14] [main/INFO] (Minecraft) Created: 256x256x4 minecraft:textures/atlas/chest.png-atlas
[18:10:14] [main/INFO] (Minecraft) Created: 512x256x4 minecraft:textures/atlas/beds.png-atlas
[18:10:14] [main/INFO] (Minecraft) Created: 512x256x4 minecraft:textures/atlas/shulker_boxes.png-atlas
[18:10:18] [main/INFO] (Minecraft) Created: 256x256x0 minecraft:textures/atlas/particles.png-atlas
[18:10:18] [main/INFO] (Minecraft) Created: 256x256x0 minecraft:textures/atlas/paintings.png-atlas
[18:10:18] [main/INFO] (Minecraft) Created: 256x128x0 minecraft:textures/atlas/mob_effects.png-atlas
[18:10:37] [main/INFO] (Minecraft) Stopping!
